<?xml version="1.0" encoding="UTF-8"?>
<testng-results skipped="0" failed="0" ignored="0" total="1" passed="1">
  <reporter-output>
  </reporter-output>
  <suite name="Default suite" duration-ms="48177" started-at="2020-05-02T23:22:02 EDT" finished-at="2020-05-02T23:22:51 EDT">
    <groups>
    </groups>
    <test name="Default test" duration-ms="48177" started-at="2020-05-02T23:22:02 EDT" finished-at="2020-05-02T23:22:51 EDT">
      <class name="com.software.journal.testcase.FindSoftwareJournalChannel">
        <test-method status="PASS" signature="setup()[pri:0, instance:com.software.journal.testcase.FindSoftwareJournalChannel@6e0e048a]" name="setup" is-config="true" duration-ms="10433" started-at="2020-05-02T23:22:02 EDT" finished-at="2020-05-02T23:22:13 EDT">
          <reporter-output>
          </reporter-output>
        </test-method> <!-- setup -->
        <test-method status="PASS" signature="findSoftwareJournalChannel()[pri:0, instance:com.software.journal.testcase.FindSoftwareJournalChannel@6e0e048a]" name="findSoftwareJournalChannel" duration-ms="36924" started-at="2020-05-02T23:22:13 EDT" finished-at="2020-05-02T23:22:50 EDT">
          <reporter-output>
          </reporter-output>
        </test-method> <!-- findSoftwareJournalChannel -->
        <test-method status="PASS" signature="teardown()[pri:0, instance:com.software.journal.testcase.FindSoftwareJournalChannel@6e0e048a]" name="teardown" is-config="true" duration-ms="777" started-at="2020-05-02T23:22:50 EDT" finished-at="2020-05-02T23:22:51 EDT">
          <reporter-output>
          </reporter-output>
        </test-method> <!-- teardown -->
      </class> <!-- com.software.journal.testcase.FindSoftwareJournalChannel -->
    </test> <!-- Default test -->
  </suite> <!-- Default suite -->
</testng-results>
